;Protocolo InSub AUDIO-TACTIL-SUBTITULO-EMOT-MUDO

; Videos
; MARCA XXX => INICIO DE VIDEO /POSTPROC
; MARCA 2 => ESTIMULO SUBTITULO_A
; MARCA 3 => ESTIMULO SUBTITULO_T
; MARCA 4 => ESTIMULO AUDIO_A
; MARCA 5 => ESTIMULO AUDIO_T
; MARCA 6 => ESTIMULO TACIL_A
; MARCA 7 => ESTIMULO TACIL_T
; MARCA 8 => ESTIMULO EMOT_A
; MARCA 9 => ESTIMULO EMOT_T
; MARCA 1 => ESTIMULO MUDO

FULLSCREEN true
USE_MATRIX false
USE_GLOVE false
USE_EEG false
CENTER_MOUSE true
KGS_VIBRATE false
USE_SPACEKEY false

INICIAR inicio-experimento.png
ESPERAR 3000

LANZAR "1M.mp4"
ESPERAR 5000
MARCAR 1
ESPERAR 21000


LANZAR "1TT.mp4"
ESPERAR 5000
VIBRAR A21000
MARCAR 6
ESPERAR 21000

