; ALCA EJEMPLO

; Solucion Izquierda
MOSTRAR "ALCA21"
MARCAR 2
ESPERAR 1000
MOSTRAR "blanco"
ESPERAR 500

; Solucion Izquierda
MOSTRAR "ALCA32"
MARCAR 2
ESPERAR 1000
MOSTRAR "blanco"
ESPERAR 500

; Solucion Izquierda
MOSTRAR "ALCA2"
MARCAR 2
ESPERAR 1000
MOSTRAR "blanco"
ESPERAR 500

; Solucion Izquierda
MOSTRAR "ALCA40"
MARCAR 2
ESPERAR 1000
MOSTRAR "blanco"
ESPERAR 500

; Solucion Derecha
MOSTRAR "ALCA26"
MARCAR 1
ESPERAR 1000
MOSTRAR "blanco"
ESPERAR 500

MOSTRAR "ALCA7"
MARCAR 2
ESPERAR 1000
MOSTRAR "blanco"
ESPERAR 500

MOSTRAR "ALCA17"
MARCAR 2
ESPERAR 1000
MOSTRAR "blanco"
ESPERAR 500

MOSTRAR "ALCA36"
MARCAR 1
ESPERAR 1000
MOSTRAR "blanco"
ESPERAR 500

MOSTRAR "ALCA39"
MARCAR 2
ESPERAR 1000
MOSTRAR "blanco"
ESPERAR 500

MOSTRAR "ALCA3"
MARCAR 2
ESPERAR 1000
MOSTRAR "blanco"
ESPERAR 500


